<?xml version="1.0" encoding="UTF-8"?>
<!-- Generated by org.testng.reporters.JUnitXMLReporter -->
<testsuite ignored="0" hostname="DESKTOP-QHTT137" failures="0" tests="4" name="DSAlgoTestonchrome" time="31.464" errors="0" timestamp="02 Nov 2021 04:16:30 GMT">
  <testcase classname="com.numpy_ninja.dsalgo.tests.linkedlist_create_Test" name="testcase1" time="3.311"/>
  <testcase classname="com.numpy_ninja.dsalgo.tests.linkedlist_create_Test" name="testcase2" time="8.845"/>
  <testcase classname="com.numpy_ninja.dsalgo.tests.linkedlist_create_Test" name="testcase3" time="4.509"/>
  <testcase classname="com.numpy_ninja.dsalgo.tests.linkedlist_create_Test" name="testcase4" time="2.215"/>
</testsuite> <!-- DSAlgoTestonchrome -->
