<?xml version="1.0" encoding="UTF-8"?>
<!-- Generated by org.testng.reporters.JUnitXMLReporter -->
<testsuite ignored="0" hostname="DESKTOP-QHTT137" failures="2" tests="51" name="DSAlgoTestonchrome" time="384.507" errors="0" timestamp="02 Nov 2021 04:49:29 GMT">
  <testcase classname="com.numpy_ninja.dsalgo.tests.linkedlist_Implementpython_Test" name="testcase1" time="6.309"/>
  <testcase classname="com.numpy_ninja.dsalgo.tests.linkedlist_Implementpython_Test" name="testcase2" time="11.133"/>
  <testcase classname="com.numpy_ninja.dsalgo.tests.linkedlist_Implementpython_Test" name="testcase3" time="4.652"/>
  <testcase classname="com.numpy_ninja.dsalgo.tests.linkedlist_Implementpython_Test" name="testcase8" time="5.82"/>
  <testcase classname="com.numpy_ninja.dsalgo.tests.linkedlist_Deletion_Test" name="testcase1" time="4.971"/>
  <testcase classname="com.numpy_ninja.dsalgo.tests.linkedlist_Deletion_Test" name="testcase2" time="9.258"/>
  <testcase classname="com.numpy_ninja.dsalgo.tests.linkedlist_Deletion_Test" name="testcase3" time="6.022"/>
  <testcase classname="com.numpy_ninja.dsalgo.tests.linkedlist_Deletion_Test" name="testcase4" time="3.055"/>
  <testcase classname="com.numpy_ninja.dsalgo.tests.linkedlist_Deletion_Test" name="testcase6" time="9.446"/>
  <testcase classname="com.numpy_ninja.dsalgo.tests.linkedlist_Deletion_Test" name="testcase7" time="8.314"/>
  <testcase classname="com.numpy_ninja.dsalgo.tests.linkedlist_Deletion_Test" name="testcase8" time="3.746"/>
  <testcase classname="com.numpy_ninja.dsalgo.tests.newUser" name="testcase1" time="3.567"/>
  <testcase classname="com.numpy_ninja.dsalgo.tests.newUser" name="testcase2" time="11.726"/>
  <testcase classname="com.numpy_ninja.dsalgo.tests.newUser" name="testcase3" time="3.903"/>
  <testcase classname="com.numpy_ninja.dsalgo.tests.newUser" name="testcase4" time="2.904"/>
  <testcase classname="com.numpy_ninja.dsalgo.tests.linkedlist_Introduction_Test" name="testcase1" time="3.794"/>
  <testcase classname="com.numpy_ninja.dsalgo.tests.linkedlist_Introduction_Test" name="testcase2" time="8.862"/>
  <testcase classname="com.numpy_ninja.dsalgo.tests.linkedlist_Introduction_Test" name="testcase3" time="4.525"/>
  <testcase classname="com.numpy_ninja.dsalgo.tests.linkedlist_Introduction_Test" name="testcase4" time="2.977"/>
  <testcase classname="com.numpy_ninja.dsalgo.tests.linkedlist_Introduction_Test" name="testcase6" time="8.344"/>
  <testcase classname="com.numpy_ninja.dsalgo.tests.linkedlist_Introduction_Test" name="testcase8" time="4.563"/>
  <testcase classname="com.numpy_ninja.dsalgo.tests.linkedlist_Traversal_Test" name="testcase1" time="2.739"/>
  <testcase classname="com.numpy_ninja.dsalgo.tests.linkedlist_Traversal_Test" name="testcase2" time="9.23"/>
  <testcase classname="com.numpy_ninja.dsalgo.tests.linkedlist_Traversal_Test" name="testcase3" time="4.476"/>
  <testcase classname="com.numpy_ninja.dsalgo.tests.linkedlist_Traversal_Test" name="testcase4" time="3.376"/>
  <testcase classname="com.numpy_ninja.dsalgo.tests.linkedlist_Traversal_Test" name="testcase6" time="8.392"/>
  <testcase classname="com.numpy_ninja.dsalgo.tests.linkedlist_Traversal_Test" name="testcase7" time="8.228"/>
  <testcase classname="com.numpy_ninja.dsalgo.tests.linkedlist_Traversal_Test" name="testcase8" time="3.578"/>
  <testcase classname="com.numpy_ninja.dsalgo.tests.linkedlist_Insertion_Test" name="testcase1" time="2.847"/>
  <testcase classname="com.numpy_ninja.dsalgo.tests.linkedlist_Insertion_Test" name="testcase2" time="8.986"/>
  <testcase classname="com.numpy_ninja.dsalgo.tests.linkedlist_Insertion_Test" name="testcase3" time="4.491"/>
  <testcase classname="com.numpy_ninja.dsalgo.tests.linkedlist_Insertion_Test" name="testcase4" time="2.662"/>
  <testcase classname="com.numpy_ninja.dsalgo.tests.linkedlist_Insertion_Test" name="testcase6" time="8.33"/>
  <testcase classname="com.numpy_ninja.dsalgo.tests.linkedlist_Insertion_Test" name="testcase7" time="8.295"/>
  <testcase classname="com.numpy_ninja.dsalgo.tests.linkedlist_Insertion_Test" name="testcase8" time="3.694"/>
  <testcase classname="com.numpy_ninja.dsalgo.tests.linkedlist_create_Test" name="testcase1" time="3.009"/>
  <testcase classname="com.numpy_ninja.dsalgo.tests.linkedlist_create_Test" name="testcase2" time="9.041"/>
  <testcase classname="com.numpy_ninja.dsalgo.tests.linkedlist_create_Test" name="testcase3" time="4.525"/>
  <testcase classname="com.numpy_ninja.dsalgo.tests.linkedlist_create_Test" name="testcase4" time="2.08"/>
  <testcase classname="com.numpy_ninja.dsalgo.tests.linkedlist_create_Test" name="testcase5" time="3.14">
    <failure type="java.lang.AssertionError" message="expected:&amp;lt;false&amp;gt; but was:&amp;lt;true&amp;gt;">
      <![CDATA[java.lang.AssertionError: expected:<false> but was:<true>
at com.numpy_ninja.dsalgo.tests.linkedlist_create_Test.testcase5(linkedlist_create_Test.java:154)
at java.base/java.util.concurrent.FutureTask.run(FutureTask.java:264)
at java.base/java.util.concurrent.ThreadPoolExecutor.runWorker(ThreadPoolExecutor.java:1130)
at java.base/java.util.concurrent.ThreadPoolExecutor$Worker.run(ThreadPoolExecutor.java:630)
at java.base/java.lang.Thread.run(Thread.java:832)
... Removed 21 stack frames]]>
    </failure>
  </testcase> <!-- testcase5 -->
  <testcase classname="com.numpy_ninja.dsalgo.tests.linkedlist_create_Test" name="testcase6" time="8.294"/>
  <testcase classname="com.numpy_ninja.dsalgo.tests.linkedlist_create_Test" name="testcase7" time="8.214"/>
  <testcase classname="com.numpy_ninja.dsalgo.tests.linkedlist_create_Test" name="testcase8" time="4.658"/>
  <testcase classname="com.numpy_ninja.dsalgo.tests.linkedlist_types_Test" name="testcase1" time="4.057"/>
  <testcase classname="com.numpy_ninja.dsalgo.tests.linkedlist_types_Test" name="testcase2" time="7.829"/>
  <testcase classname="com.numpy_ninja.dsalgo.tests.linkedlist_types_Test" name="testcase3" time="4.863"/>
  <testcase classname="com.numpy_ninja.dsalgo.tests.linkedlist_types_Test" name="testcase4" time="2.807"/>
  <testcase classname="com.numpy_ninja.dsalgo.tests.linkedlist_types_Test" name="testcase5" time="3.135">
    <failure type="java.lang.AssertionError" message="expected [true] but found [false]">
      <![CDATA[java.lang.AssertionError: expected [true] but found [false]
at com.numpy_ninja.dsalgo.tests.linkedlist_types_Test.testcase5(linkedlist_types_Test.java:150)
at java.base/java.util.concurrent.FutureTask.run(FutureTask.java:264)
at java.base/java.util.concurrent.ThreadPoolExecutor.runWorker(ThreadPoolExecutor.java:1130)
at java.base/java.util.concurrent.ThreadPoolExecutor$Worker.run(ThreadPoolExecutor.java:630)
at java.base/java.lang.Thread.run(Thread.java:832)
... Removed 22 stack frames]]>
    </failure>
  </testcase> <!-- testcase5 -->
  <testcase classname="com.numpy_ninja.dsalgo.tests.linkedlist_types_Test" name="testcase6" time="8.278"/>
  <testcase classname="com.numpy_ninja.dsalgo.tests.linkedlist_types_Test" name="testcase7" time="8.257"/>
  <testcase classname="com.numpy_ninja.dsalgo.tests.linkedlist_types_Test" name="testcase8" time="4.624"/>
</testsuite> <!-- DSAlgoTestonchrome -->
