<?xml version="1.0" encoding="UTF-8"?>
<!-- Generated by org.testng.reporters.JUnitXMLReporter -->
<testsuite ignored="0" hostname="DESKTOP-QHTT137" failures="0" tests="4" name="DSAlgoTest" time="32.04" errors="0" timestamp="01 Nov 2021 01:28:52 GMT">
  <testcase classname="com.numpy_ninja.dsalgo.tests.newUser" name="testcase1" time="3.117"/>
  <testcase classname="com.numpy_ninja.dsalgo.tests.newUser" name="testcase2" time="13.552"/>
  <testcase classname="com.numpy_ninja.dsalgo.tests.newUser" name="testcase3" time="5.314"/>
  <testcase classname="com.numpy_ninja.dsalgo.tests.newUser" name="testcase4" time="2.445"/>
</testsuite> <!-- DSAlgoTest -->
